<?xml version="1.0" encoding="UTF-8"?>
<!-- Generated by org.testng.reporters.JUnitXMLReporter -->
<testsuite ignored="0" hostname="FM-LAPTOP" failures="0" tests="8" name="Default test" time="196.107" errors="0" timestamp="2025-05-12T05:35:58 BDT">
  <testcase classname="execution.TestExecution" name="LoginFunctionality" time="5.765"/>
  <testcase classname="execution.TestExecution" name="LoginNegativeFunctionality" time="6.415"/>
  <testcase classname="execution.TestExecution" name="AddToCart" time="30.75"/>
  <testcase classname="execution.TestExecution" name="CheckoutProcess" time="34.109"/>
  <testcase classname="execution.TestExecution" name="SortingProducts" time="31.2"/>
  <testcase classname="execution.TestExecution" name="LogoutFunctionality" time="13.709"/>
  <testcase classname="execution.TestExecution" name="LockedOutUser" time="5.454"/>
  <testcase classname="execution.TestExecution" name="CartBadgeCount" time="18.98"/>
</testsuite> <!-- Default test -->
